Compiled jquery.js  (11ms)  (pid 24136)
Compiled jquery_ujs.js  (0ms)  (pid 24136)
Compiled twitter/bootstrap/bootstrap-transition.js  (0ms)  (pid 24136)
Compiled twitter/bootstrap/bootstrap-alert.js  (0ms)  (pid 24136)
Compiled twitter/bootstrap/bootstrap-modal.js  (0ms)  (pid 24136)
Compiled twitter/bootstrap/bootstrap-dropdown.js  (0ms)  (pid 24136)
Compiled twitter/bootstrap/bootstrap-scrollspy.js  (0ms)  (pid 24136)
Compiled twitter/bootstrap/bootstrap-tab.js  (0ms)  (pid 24136)
Compiled twitter/bootstrap/bootstrap-tooltip.js  (0ms)  (pid 24136)
Compiled twitter/bootstrap/bootstrap-popover.js  (0ms)  (pid 24136)
Compiled twitter/bootstrap/bootstrap-button.js  (0ms)  (pid 24136)
Compiled twitter/bootstrap/bootstrap-collapse.js  (0ms)  (pid 24136)
Compiled twitter/bootstrap/bootstrap-carousel.js  (0ms)  (pid 24136)
Compiled twitter/bootstrap/bootstrap-typeahead.js  (0ms)  (pid 24136)
Compiled twitter/bootstrap.js  (151ms)  (pid 24136)
Compiled admin.js  (49ms)  (pid 24136)
Compiled bootstrap-tab.js  (0ms)  (pid 24136)
Compiled bootstrap.js  (3ms)  (pid 24136)
Compiled challenge_messages.js  (0ms)  (pid 24136)
Compiled events.js  (0ms)  (pid 24136)
Compiled fun_events.js  (0ms)  (pid 24136)
Compiled fun_locations.js  (0ms)  (pid 24136)
Compiled funs.js  (0ms)  (pid 24136)
Compiled games.js  (0ms)  (pid 24136)
Compiled gmaps4rails/gmaps4rails.base.js  (42ms)  (pid 24136)
Compiled gmaps4rails/gmaps4rails.bing.js  (19ms)  (pid 24136)
Compiled gmaps4rails/gmaps4rails.googlemaps.js  (20ms)  (pid 24136)
Compiled gmaps4rails/gmaps4rails.mapquest.js  (10ms)  (pid 24136)
Compiled gmaps4rails/gmaps4rails.openlayers.js  (15ms)  (pid 24136)
Compiled levels.js  (0ms)  (pid 24136)
Compiled locations.js  (0ms)  (pid 24136)
Compiled music_likes.js  (0ms)  (pid 24136)
Compiled musics.js  (0ms)  (pid 24136)
Compiled pe_classes.js  (0ms)  (pid 24136)
Compiled pe_classmembers.js  (0ms)  (pid 24136)
Compiled places.js  (0ms)  (pid 24136)
Compiled practise.js  (0ms)  (pid 24136)
Compiled practises.js  (0ms)  (pid 24136)
Compiled scaffolds.js  (0ms)  (pid 24136)
Compiled school_peclasses.js  (0ms)  (pid 24136)
Compiled school_teachers.js  (0ms)  (pid 24136)
Compiled schools.js  (0ms)  (pid 24136)
Compiled sessions.js  (0ms)  (pid 24136)
Compiled sport_levels.js  (0ms)  (pid 24136)
Compiled sports.js  (0ms)  (pid 24136)
Compiled teacher_peclasses.js  (0ms)  (pid 24136)
Compiled teachers.js  (0ms)  (pid 24136)
Compiled team_challenges.js  (0ms)  (pid 24136)
Compiled team_points.js  (0ms)  (pid 24136)
Compiled teammembers.js  (0ms)  (pid 24136)
Compiled teams.js  (0ms)  (pid 24136)
Compiled trainers.js  (0ms)  (pid 24136)
Compiled user_funs.js  (0ms)  (pid 24136)
Compiled user_game_preferences.js  (0ms)  (pid 24136)
Compiled user_points.js  (0ms)  (pid 24136)
Compiled userevents.js  (0ms)  (pid 24136)
Compiled userplaces_preferences.js  (0ms)  (pid 24136)
Compiled userplaces_prefs.js  (0ms)  (pid 24136)
Compiled users.js  (0ms)  (pid 24136)
Compiled usersports_preferences.js  (0ms)  (pid 24136)
Compiled usersports_prefs.js  (0ms)  (pid 24136)
Compiled application.js  (630ms)  (pid 24136)
